Compiling the C compiler identification source file "CMakeCCompilerId.c" failed.
Compiler: /Library/Developer/CommandLineTools/usr/bin/cc 
Build flags: 
Id flags:  

The output was:
1
ld: library not found for -lSystem
clang: error: linker command failed with exit code 1 (use -v to see invocation)


Compiling the CXX compiler identification source file "CMakeCXXCompilerId.cpp" failed.
Compiler: /Library/Developer/CommandLineTools/usr/bin/c++ 
Build flags: 
Id flags:  

The output was:
1
ld: library not found for -lc++
clang: error: linker command failed with exit code 1 (use -v to see invocation)


Determining if the function pcap_open exists failed with the following output:
Change Dir: /Users/urijmihajlovic/gb_lessons/network_cpp/lsn_2/cmake-build-debug/CMakeFiles/CMakeTmp

Run Build Command(s):/Applications/CLion.app/Contents/bin/ninja/mac/ninja cmTC_36373 && [1/2] Building C object CMakeFiles/cmTC_36373.dir/CheckFunctionExists.c.o
[2/2] Linking C executable cmTC_36373
FAILED: cmTC_36373 
: && /Library/Developer/CommandLineTools/usr/bin/cc -DCHECK_FUNCTION_EXISTS=pcap_open -isysroot /Library/Developer/CommandLineTools/SDKs/MacOSX12.1.sdk -Wl,-search_paths_first -Wl,-headerpad_max_install_names  CMakeFiles/cmTC_36373.dir/CheckFunctionExists.c.o -o cmTC_36373  /Library/Developer/CommandLineTools/SDKs/MacOSX12.1.sdk/usr/lib/libpcap.tbd && :
Undefined symbols for architecture x86_64:
  "_pcap_open", referenced from:
      _main in CheckFunctionExists.c.o
ld: symbol(s) not found for architecture x86_64
clang: error: linker command failed with exit code 1 (use -v to see invocation)
ninja: build stopped: subcommand failed.



